This file contains any messages produced by compilers while
running configure, to aid debugging if configure makes a mistake.

It was created by OpenJDK configure jdk8, which was
generated by GNU Autoconf 2.69.  Invocation command line was

  $ ./common/autoconf/configure --enable-option-checking=fatal

## --------- ##
## Platform. ##
## --------- ##

hostname = localhost
uname -m = x86_64
uname -r = 4.18.0-13-generic
uname -s = Linux
uname -v = #14-Ubuntu SMP Wed Dec 5 09:04:24 UTC 2018

/usr/bin/uname -p = unknown
/bin/uname -X     = unknown

/bin/arch              = unknown
/usr/bin/arch -k       = unknown
/usr/convex/getsysinfo = unknown
/usr/bin/hostinfo      = unknown
/bin/machine           = unknown
/usr/bin/oslevel       = unknown
/bin/universe          = unknown

PATH: /usr/local/sbin
PATH: /usr/local/bin
PATH: /usr/sbin
PATH: /usr/bin
PATH: /sbin
PATH: /bin
PATH: /usr/games
PATH: /usr/local/games
PATH: /snap/bin


## ----------- ##
## Core tests. ##
## ----------- ##

configure:3932: Configuration created at Thu Apr  4 09:19:52 UTC 2019.
configure:3934: configure script generated at timestamp 1523388104.
configure:3951: checking for basename
configure:3969: found /usr/bin/basename
configure:3981: result: /usr/bin/basename
configure:4010: checking for bash
configure:4040: result: /bin/bash
configure:4069: checking for cat
configure:4087: found /bin/cat
configure:4099: result: /bin/cat
configure:4128: checking for chmod
configure:4146: found /bin/chmod
configure:4158: result: /bin/chmod
configure:4187: checking for cmp
configure:4205: found /usr/bin/cmp
configure:4217: result: /usr/bin/cmp
configure:4246: checking for comm
configure:4264: found /usr/bin/comm
configure:4276: result: /usr/bin/comm
configure:4305: checking for cp
configure:4323: found /bin/cp
configure:4335: result: /bin/cp
configure:4364: checking for cpio
configure:4382: found /bin/cpio
configure:4394: result: /bin/cpio
configure:4423: checking for cut
configure:4441: found /usr/bin/cut
configure:4453: result: /usr/bin/cut
configure:4482: checking for date
configure:4500: found /bin/date
configure:4512: result: /bin/date
configure:4541: checking for gdiff
configure:4574: result: no
configure:4541: checking for diff
configure:4559: found /usr/bin/diff
configure:4571: result: /usr/bin/diff
configure:4600: checking for dirname
configure:4618: found /usr/bin/dirname
configure:4630: result: /usr/bin/dirname
configure:4659: checking for echo
configure:4677: found /bin/echo
configure:4689: result: /bin/echo
configure:4718: checking for expr
configure:4736: found /usr/bin/expr
configure:4748: result: /usr/bin/expr
configure:4777: checking for file
configure:4795: found /usr/bin/file
configure:4807: result: /usr/bin/file
configure:4836: checking for find
configure:4854: found /usr/bin/find
configure:4866: result: /usr/bin/find
configure:4895: checking for head
configure:4913: found /usr/bin/head
configure:4925: result: /usr/bin/head
configure:4954: checking for ln
configure:4972: found /bin/ln
configure:4984: result: /bin/ln
configure:5013: checking for ls
configure:5031: found /bin/ls
configure:5043: result: /bin/ls
configure:5072: checking for mkdir
configure:5090: found /bin/mkdir
configure:5102: result: /bin/mkdir
configure:5131: checking for mktemp
configure:5149: found /bin/mktemp
configure:5161: result: /bin/mktemp
configure:5190: checking for mv
configure:5208: found /bin/mv
configure:5220: result: /bin/mv
configure:5249: checking for printf
configure:5267: found /usr/bin/printf
configure:5279: result: /usr/bin/printf
configure:5308: checking for rm
configure:5326: found /bin/rm
configure:5338: result: /bin/rm
configure:5367: checking for sh
configure:5385: found /bin/sh
configure:5397: result: /bin/sh
configure:5426: checking for sort
configure:5444: found /usr/bin/sort
configure:5456: result: /usr/bin/sort
configure:5485: checking for tail
configure:5503: found /usr/bin/tail
configure:5515: result: /usr/bin/tail
configure:5544: checking for tar
configure:5562: found /bin/tar
configure:5574: result: /bin/tar
configure:5603: checking for tee
configure:5621: found /usr/bin/tee
configure:5633: result: /usr/bin/tee
configure:5662: checking for touch
configure:5680: found /usr/bin/touch
configure:5692: result: /usr/bin/touch
configure:5721: checking for tr
configure:5739: found /usr/bin/tr
configure:5751: result: /usr/bin/tr
configure:5780: checking for uname
configure:5798: found /bin/uname
configure:5810: result: /bin/uname
configure:5839: checking for uniq
configure:5857: found /usr/bin/uniq
configure:5869: result: /usr/bin/uniq
configure:5898: checking for wc
configure:5916: found /usr/bin/wc
configure:5928: result: /usr/bin/wc
configure:5957: checking for which
configure:5975: found /usr/bin/which
configure:5987: result: /usr/bin/which
configure:6016: checking for xargs
configure:6034: found /usr/bin/xargs
configure:6046: result: /usr/bin/xargs
configure:6076: checking for gawk
configure:6092: found /usr/bin/gawk
configure:6103: result: gawk
configure:6126: checking for grep that handles long lines and -e
configure:6184: result: /bin/grep
configure:6201: checking for egrep
configure:6263: result: /bin/grep -E
configure:6280: checking for fgrep
configure:6342: result: /bin/grep -F
configure:6359: checking for a sed that does not truncate output
configure:6423: result: /bin/sed
configure:6445: checking for nawk
configure:6463: found /usr/bin/nawk
configure:6475: result: /usr/bin/nawk
configure:6509: checking for cygpath
configure:6542: result: no
configure:6549: checking for readlink
configure:6567: found /bin/readlink
configure:6579: result: /bin/readlink
configure:6589: checking for df
configure:6607: found /bin/df
configure:6619: result: /bin/df
configure:6629: checking for SetFile
configure:6662: result: no
configure:6675: checking build system type
configure:6689: result: x86_64-unknown-linux-gnu
configure:6709: checking host system type
configure:6722: result: x86_64-unknown-linux-gnu
configure:6742: checking target system type
configure:6755: result: x86_64-unknown-linux-gnu
configure:6933: checking openjdk-build os-cpu
configure:6935: result: linux-x86_64
configure:7070: checking openjdk-target os-cpu
configure:7072: result: linux-x86_64
configure:7122: checking compilation type
configure:7124: result: native
configure:7833: checking for presence of closed sources
configure:7840: result: no
configure:7843: checking if closed source is suppressed (openjdk-only)
configure:7846: result: no
configure:7883: checking which variant of the JDK to build
configure:7900: result: normal
configure:7910: checking which interpreter of the JVM to build
configure:7931: result: template
configure:7948: checking which variants of the JVM to build
configure:7967: result: server
configure:8042: checking which debug level to use
configure:8066: result: release
configure:8231: checking what configuration name to use
configure:8233: result: linux-x86_64-normal-server-release
configure:8400: checking for apt-get
configure:8416: found /usr/bin/apt-get
configure:8427: result: apt-get
configure:8765: checking for gmake
configure:8798: result: no
configure:9119: checking for make
configure:9137: found /usr/bin/make
configure:9149: result: /usr/bin/make
configure:9164: Testing potential make at /usr/bin/make, found using make in PATH
configure:9432: Resolving FOUND_MAKE (as /usr/bin/make) failed, using /usr/bin/make directly.
configure:10191: Using GNU make 3.81 (or later) at /usr/bin/make (version: GNU Make 4.2.1)
configure:10197: checking if find supports -delete
configure:10213: result: yes
configure:10227: checking for unzip
configure:10245: found /usr/bin/unzip
configure:10257: result: /usr/bin/unzip
configure:10286: checking for zip
configure:10304: found /usr/bin/zip
configure:10316: result: /usr/bin/zip
configure:10345: checking for ldd
configure:10363: found /usr/bin/ldd
configure:10375: result: /usr/bin/ldd
configure:10393: checking for readelf
configure:10411: found /usr/bin/readelf
configure:10423: result: /usr/bin/readelf
configure:10436: checking for hg
configure:10454: found /usr/bin/hg
configure:10466: result: /usr/bin/hg
configure:10476: checking for stat
configure:10494: found /usr/bin/stat
configure:10506: result: /usr/bin/stat
configure:10516: checking for time
configure:10534: found /usr/bin/time
configure:10546: result: /usr/bin/time
configure:10853: checking for pkg-config
configure:10871: found /usr/bin/pkg-config
configure:10883: result: /usr/bin/pkg-config
configure:10908: checking pkg-config is at least version 0.9.0
configure:10911: result: yes
configure:11026: checking for 7z
configure:11056: result: no
configure:11026: checking for unzip
configure:11042: found /usr/bin/unzip
configure:11053: result: unzip
configure:11072: checking for wget
configure:11088: found /usr/bin/wget
configure:11099: result: wget
configure:11126: checking headful support
configure:11150: result: include support for both headful and headless
configure:12394: checking for javac
configure:12412: found /usr/bin/javac
configure:12424: result: /usr/bin/javac
configure:12434: checking for java
configure:12452: found /usr/bin/java
configure:12464: result: /usr/bin/java
configure:12534: Found potential Boot JDK using java(c) in PATH
configure:12558: Potential Boot JDK found at /usr/lib/jvm/java-11-openjdk-amd64 did not contain an rt.jar; ignoring
configure:15410: Found potential Boot JDK using well-known locations (in /usr/lib/jvm/java-8-openjdk-amd64)
configure:15573: checking for Boot JDK
configure:15575: result: /usr/lib/jvm/java-8-openjdk-amd64
configure:15577: checking Boot JDK version
configure:15580: result: openjdk version "1.8.0_191" OpenJDK Runtime Environment (build 1.8.0_191-8u191-b12-2ubuntu0.18.10.1-b12) OpenJDK 64-Bit Server VM (build 25.191-b12, mixed mode) 
configure:16002: checking for java in Boot JDK
configure:16012: result: ok
configure:16016: checking for javac in Boot JDK
configure:16026: result: ok
configure:16030: checking for javah in Boot JDK
configure:16040: result: ok
configure:16044: checking for javap in Boot JDK
configure:16054: result: ok
configure:16058: checking for jar in Boot JDK
configure:16068: result: ok
configure:16072: checking for rmic in Boot JDK
configure:16082: result: ok
configure:16086: checking for native2ascii in Boot JDK
configure:16096: result: ok
configure:16113: checking if Boot JDK is 32 or 64 bits
configure:16115: result: 64
configure:16131: checking flags for boot jdk java command 
Check if jvm arg is ok: -XX:-PrintVMOptions -XX:-UnlockDiagnosticVMOptions -XX:-LogVMOutput
Command: /usr/lib/jvm/java-8-openjdk-amd64/bin/java -XX:-PrintVMOptions -XX:-UnlockDiagnosticVMOptions -XX:-LogVMOutput -version
Arg failed:
Error: VM option 'LogVMOutput' is diagnostic and must be enabled via -XX:+UnlockDiagnosticVMOptions.
Error: Could not create the Java Virtual Machine.
Error: A fatal exception has occurred. Program will exit.
Check if jvm arg is ok: 
Command: /usr/lib/jvm/java-8-openjdk-amd64/bin/java  -version
configure:16168: result:  
configure:16176: checking flags for boot jdk java command for big workloads
Check if jvm arg is ok: -Xms64M
Command: /usr/lib/jvm/java-8-openjdk-amd64/bin/java -Xms64M -version
Check if jvm arg is ok: -Xmx1600M
Command: /usr/lib/jvm/java-8-openjdk-amd64/bin/java -Xmx1600M -version
Check if jvm arg is ok: -XX:ThreadStackSize=1536
Command: /usr/lib/jvm/java-8-openjdk-amd64/bin/java -XX:ThreadStackSize=1536 -version
Check if jvm arg is ok: -XX:PermSize=32m
Command: /usr/lib/jvm/java-8-openjdk-amd64/bin/java -XX:PermSize=32m -version
Arg failed:
OpenJDK 64-Bit Server VM warning: ignoring option PermSize=32m; support was removed in 8.0
openjdk version "1.8.0_191"
OpenJDK Runtime Environment (build 1.8.0_191-8u191-b12-2ubuntu0.18.10.1-b12)
OpenJDK 64-Bit Server VM (build 25.191-b12, mixed mode)
Check if jvm arg is ok: -XX:MaxPermSize=160m
Command: /usr/lib/jvm/java-8-openjdk-amd64/bin/java -XX:MaxPermSize=160m -version
Arg failed:
OpenJDK 64-Bit Server VM warning: ignoring option MaxPermSize=160m; support was removed in 8.0
openjdk version "1.8.0_191"
OpenJDK Runtime Environment (build 1.8.0_191-8u191-b12-2ubuntu0.18.10.1-b12)
OpenJDK 64-Bit Server VM (build 25.191-b12, mixed mode)
configure:16270: result:  -Xms64M -Xmx1600M -XX:ThreadStackSize=1536
configure:16277: checking flags for boot jdk java command for small workloads
Check if jvm arg is ok: -XX:+UseSerialGC
Command: /usr/lib/jvm/java-8-openjdk-amd64/bin/java -XX:+UseSerialGC -version
Check if jvm arg is ok: -Xms32M
Command: /usr/lib/jvm/java-8-openjdk-amd64/bin/java -Xms32M -version
Check if jvm arg is ok: -Xmx512M
Command: /usr/lib/jvm/java-8-openjdk-amd64/bin/java -Xmx512M -version
configure:16327: result:  -XX:+UseSerialGC -Xms32M -Xmx512M
configure:16695: checking for jtreg
configure:16697: result: no
configure:19501: checking for gcc
configure:19519: found /usr/bin/gcc
configure:19531: result: /usr/bin/gcc
configure:19814: Resolving CC (as /usr/bin/gcc) failed, using /usr/bin/gcc directly.
configure:19848: checking resolved symbolic links for CC
configure:19898: result: /usr/bin/x86_64-linux-gnu-gcc-8
configure:19901: checking if CC is disguised ccache
configure:20340: result: no, keeping CC
configure:20412: Using x86_64-linux-gnu-gcc-8 (Ubuntu 8.2.0-7ubuntu1) C compiler version 8.2.0 (located at /usr/bin/x86_64-linux-gnu-gcc-8)
configure:20529: checking for C compiler version
configure:20538: /usr/bin/x86_64-linux-gnu-gcc-8 --version >&5
x86_64-linux-gnu-gcc-8 (Ubuntu 8.2.0-7ubuntu1) 8.2.0
Copyright (C) 2018 Free Software Foundation, Inc.
This is free software; see the source for copying conditions.  There is NO
warranty; not even for MERCHANTABILITY or FITNESS FOR A PARTICULAR PURPOSE.

configure:20549: $? = 0
configure:20538: /usr/bin/x86_64-linux-gnu-gcc-8 -v >&5
Using built-in specs.
COLLECT_GCC=/usr/bin/x86_64-linux-gnu-gcc-8
COLLECT_LTO_WRAPPER=/usr/lib/gcc/x86_64-linux-gnu/8/lto-wrapper
OFFLOAD_TARGET_NAMES=nvptx-none
OFFLOAD_TARGET_DEFAULT=1
Target: x86_64-linux-gnu
Configured with: ../src/configure -v --with-pkgversion='Ubuntu 8.2.0-7ubuntu1' --with-bugurl=file:///usr/share/doc/gcc-8/README.Bugs --enable-languages=c,ada,c++,go,brig,d,fortran,objc,obj-c++ --prefix=/usr --with-gcc-major-version-only --program-suffix=-8 --program-prefix=x86_64-linux-gnu- --enable-shared --enable-linker-build-id --libexecdir=/usr/lib --without-included-gettext --enable-threads=posix --libdir=/usr/lib --enable-nls --with-sysroot=/ --enable-clocale=gnu --enable-libstdcxx-debug --enable-libstdcxx-time=yes --with-default-libstdcxx-abi=new --enable-gnu-unique-object --disable-vtable-verify --enable-libmpx --enable-plugin --enable-default-pie --with-system-zlib --with-target-system-zlib --enable-objc-gc=auto --enable-multiarch --disable-werror --with-arch-32=i686 --with-abi=m64 --with-multilib-list=m32,m64,mx32 --enable-multilib --with-tune=generic --enable-offload-targets=nvptx-none --without-cuda-driver --enable-checking=release --build=x86_64-linux-gnu --host=x86_64-linux-gnu --target=x86_64-linux-gnu
Thread model: posix
gcc version 8.2.0 (Ubuntu 8.2.0-7ubuntu1) 
configure:20549: $? = 0
configure:20538: /usr/bin/x86_64-linux-gnu-gcc-8 -V >&5
x86_64-linux-gnu-gcc-8: error: unrecognized command line option '-V'
x86_64-linux-gnu-gcc-8: fatal error: no input files
compilation terminated.
configure:20549: $? = 1
configure:20538: /usr/bin/x86_64-linux-gnu-gcc-8 -qversion >&5
x86_64-linux-gnu-gcc-8: error: unrecognized command line option '-qversion'; did you mean '--version'?
x86_64-linux-gnu-gcc-8: fatal error: no input files
compilation terminated.
configure:20549: $? = 1
configure:20569: checking whether the C compiler works
configure:20591: /usr/bin/x86_64-linux-gnu-gcc-8    conftest.c  >&5
configure:20595: $? = 0
configure:20643: result: yes
configure:20646: checking for C compiler default output file name
configure:20648: result: a.out
configure:20654: checking for suffix of executables
configure:20661: /usr/bin/x86_64-linux-gnu-gcc-8 -o conftest    conftest.c  >&5
configure:20665: $? = 0
configure:20687: result: 
configure:20709: checking whether we are cross compiling
configure:20717: /usr/bin/x86_64-linux-gnu-gcc-8 -o conftest    conftest.c  >&5
configure:20721: $? = 0
configure:20728: ./conftest
configure:20732: $? = 0
configure:20747: result: no
configure:20752: checking for suffix of object files
configure:20774: /usr/bin/x86_64-linux-gnu-gcc-8 -c   conftest.c >&5
configure:20778: $? = 0
configure:20799: result: o
configure:20803: checking whether we are using the GNU C compiler
configure:20822: /usr/bin/x86_64-linux-gnu-gcc-8 -c   conftest.c >&5
configure:20822: $? = 0
configure:20831: result: yes
configure:20840: checking whether /usr/bin/x86_64-linux-gnu-gcc-8 accepts -g
configure:20860: /usr/bin/x86_64-linux-gnu-gcc-8 -c -g  conftest.c >&5
configure:20860: $? = 0
configure:20901: result: yes
configure:20918: checking for /usr/bin/x86_64-linux-gnu-gcc-8 option to accept ISO C89
configure:20981: /usr/bin/x86_64-linux-gnu-gcc-8  -c -g -O2  conftest.c >&5
configure:20981: $? = 0
configure:20994: result: none needed
configure:21103: checking for g++
configure:21121: found /usr/bin/g++
configure:21133: result: /usr/bin/g++
configure:21416: Resolving CXX (as /usr/bin/g++) failed, using /usr/bin/g++ directly.
configure:21450: checking resolved symbolic links for CXX
configure:21500: result: /usr/bin/x86_64-linux-gnu-g++-8
configure:21503: checking if CXX is disguised ccache
configure:21942: result: no, keeping CXX
configure:22014: Using x86_64-linux-gnu-g++-8 (Ubuntu 8.2.0-7ubuntu1) C++ compiler version 8.2.0 (located at /usr/bin/x86_64-linux-gnu-g++-8)
configure:22131: checking for C++ compiler version
configure:22140: /usr/bin/x86_64-linux-gnu-g++-8 --version >&5
x86_64-linux-gnu-g++-8 (Ubuntu 8.2.0-7ubuntu1) 8.2.0
Copyright (C) 2018 Free Software Foundation, Inc.
This is free software; see the source for copying conditions.  There is NO
warranty; not even for MERCHANTABILITY or FITNESS FOR A PARTICULAR PURPOSE.

configure:22151: $? = 0
configure:22140: /usr/bin/x86_64-linux-gnu-g++-8 -v >&5
Using built-in specs.
COLLECT_GCC=/usr/bin/x86_64-linux-gnu-g++-8
COLLECT_LTO_WRAPPER=/usr/lib/gcc/x86_64-linux-gnu/8/lto-wrapper
OFFLOAD_TARGET_NAMES=nvptx-none
OFFLOAD_TARGET_DEFAULT=1
Target: x86_64-linux-gnu
Configured with: ../src/configure -v --with-pkgversion='Ubuntu 8.2.0-7ubuntu1' --with-bugurl=file:///usr/share/doc/gcc-8/README.Bugs --enable-languages=c,ada,c++,go,brig,d,fortran,objc,obj-c++ --prefix=/usr --with-gcc-major-version-only --program-suffix=-8 --program-prefix=x86_64-linux-gnu- --enable-shared --enable-linker-build-id --libexecdir=/usr/lib --without-included-gettext --enable-threads=posix --libdir=/usr/lib --enable-nls --with-sysroot=/ --enable-clocale=gnu --enable-libstdcxx-debug --enable-libstdcxx-time=yes --with-default-libstdcxx-abi=new --enable-gnu-unique-object --disable-vtable-verify --enable-libmpx --enable-plugin --enable-default-pie --with-system-zlib --with-target-system-zlib --enable-objc-gc=auto --enable-multiarch --disable-werror --with-arch-32=i686 --with-abi=m64 --with-multilib-list=m32,m64,mx32 --enable-multilib --with-tune=generic --enable-offload-targets=nvptx-none --without-cuda-driver --enable-checking=release --build=x86_64-linux-gnu --host=x86_64-linux-gnu --target=x86_64-linux-gnu
Thread model: posix
gcc version 8.2.0 (Ubuntu 8.2.0-7ubuntu1) 
configure:22151: $? = 0
configure:22140: /usr/bin/x86_64-linux-gnu-g++-8 -V >&5
x86_64-linux-gnu-g++-8: error: unrecognized command line option '-V'
x86_64-linux-gnu-g++-8: fatal error: no input files
compilation terminated.
configure:22151: $? = 1
configure:22140: /usr/bin/x86_64-linux-gnu-g++-8 -qversion >&5
x86_64-linux-gnu-g++-8: error: unrecognized command line option '-qversion'; did you mean '--version'?
x86_64-linux-gnu-g++-8: fatal error: no input files
compilation terminated.
configure:22151: $? = 1
configure:22155: checking whether we are using the GNU C++ compiler
configure:22174: /usr/bin/x86_64-linux-gnu-g++-8 -c   conftest.cpp >&5
configure:22174: $? = 0
configure:22183: result: yes
configure:22192: checking whether /usr/bin/x86_64-linux-gnu-g++-8 accepts -g
configure:22212: /usr/bin/x86_64-linux-gnu-g++-8 -c -g  conftest.cpp >&5
configure:22212: $? = 0
configure:22253: result: yes
configure:22889: checking for ar
configure:22905: found /usr/bin/ar
configure:22916: result: ar
configure:23200: Rewriting AR to "/usr/bin/ar"
configure:24906: checking how to run the C preprocessor
configure:24937: /usr/bin/x86_64-linux-gnu-gcc-8 -E  conftest.c
configure:24937: $? = 0
configure:24951: /usr/bin/x86_64-linux-gnu-gcc-8 -E  conftest.c
conftest.c:9:10: fatal error: ac_nonexistent.h: No such file or directory
 #include <ac_nonexistent.h>
          ^~~~~~~~~~~~~~~~~~
compilation terminated.
configure:24951: $? = 1
configure: failed program was:
| /* confdefs.h */
| #define PACKAGE_NAME "OpenJDK"
| #define PACKAGE_TARNAME "openjdk"
| #define PACKAGE_VERSION "jdk8"
| #define PACKAGE_STRING "OpenJDK jdk8"
| #define PACKAGE_BUGREPORT "build-dev@openjdk.java.net"
| #define PACKAGE_URL "http://openjdk.java.net"
| /* end confdefs.h.  */
| #include <ac_nonexistent.h>
configure:24976: result: /usr/bin/x86_64-linux-gnu-gcc-8 -E
configure:24996: /usr/bin/x86_64-linux-gnu-gcc-8 -E  conftest.c
configure:24996: $? = 0
configure:25010: /usr/bin/x86_64-linux-gnu-gcc-8 -E  conftest.c
conftest.c:9:10: fatal error: ac_nonexistent.h: No such file or directory
 #include <ac_nonexistent.h>
          ^~~~~~~~~~~~~~~~~~
compilation terminated.
configure:25010: $? = 1
configure: failed program was:
| /* confdefs.h */
| #define PACKAGE_NAME "OpenJDK"
| #define PACKAGE_TARNAME "openjdk"
| #define PACKAGE_VERSION "jdk8"
| #define PACKAGE_STRING "OpenJDK jdk8"
| #define PACKAGE_BUGREPORT "build-dev@openjdk.java.net"
| #define PACKAGE_URL "http://openjdk.java.net"
| /* end confdefs.h.  */
| #include <ac_nonexistent.h>
configure:25274: Resolving CPP (as /usr/bin/x86_64-linux-gnu-gcc-8) failed, using /usr/bin/x86_64-linux-gnu-gcc-8 directly.
configure:25310: checking how to run the C++ preprocessor
configure:25337: /usr/bin/x86_64-linux-gnu-g++-8 -E  conftest.cpp
configure:25337: $? = 0
configure:25351: /usr/bin/x86_64-linux-gnu-g++-8 -E  conftest.cpp
conftest.cpp:9:10: fatal error: ac_nonexistent.h: No such file or directory
 #include <ac_nonexistent.h>
          ^~~~~~~~~~~~~~~~~~
compilation terminated.
configure:25351: $? = 1
configure: failed program was:
| /* confdefs.h */
| #define PACKAGE_NAME "OpenJDK"
| #define PACKAGE_TARNAME "openjdk"
| #define PACKAGE_VERSION "jdk8"
| #define PACKAGE_STRING "OpenJDK jdk8"
| #define PACKAGE_BUGREPORT "build-dev@openjdk.java.net"
| #define PACKAGE_URL "http://openjdk.java.net"
| /* end confdefs.h.  */
| #include <ac_nonexistent.h>
configure:25376: result: /usr/bin/x86_64-linux-gnu-g++-8 -E
configure:25396: /usr/bin/x86_64-linux-gnu-g++-8 -E  conftest.cpp
configure:25396: $? = 0
configure:25410: /usr/bin/x86_64-linux-gnu-g++-8 -E  conftest.cpp
conftest.cpp:9:10: fatal error: ac_nonexistent.h: No such file or directory
 #include <ac_nonexistent.h>
          ^~~~~~~~~~~~~~~~~~
compilation terminated.
configure:25410: $? = 1
configure: failed program was:
| /* confdefs.h */
| #define PACKAGE_NAME "OpenJDK"
| #define PACKAGE_TARNAME "openjdk"
| #define PACKAGE_VERSION "jdk8"
| #define PACKAGE_STRING "OpenJDK jdk8"
| #define PACKAGE_BUGREPORT "build-dev@openjdk.java.net"
| #define PACKAGE_URL "http://openjdk.java.net"
| /* end confdefs.h.  */
| #include <ac_nonexistent.h>
configure:25674: Resolving CXXCPP (as /usr/bin/x86_64-linux-gnu-g++-8) failed, using /usr/bin/x86_64-linux-gnu-g++-8 directly.
configure:27266: checking for otool
configure:27299: result: no
configure:27350: checking for nm
configure:27366: found /usr/bin/nm
configure:27377: result: nm
configure:27661: Rewriting NM to "/usr/bin/nm"
configure:27710: checking for strip
configure:27726: found /usr/bin/strip
configure:27737: result: strip
configure:28021: Rewriting STRIP to "/usr/bin/strip"
configure:28079: checking for gobjcopy
configure:28109: result: no
configure:28079: checking for objcopy
configure:28095: found /usr/bin/objcopy
configure:28106: result: objcopy
configure:28394: Rewriting OBJCOPY to "/usr/bin/objcopy"
configure:28450: checking for gobjdump
configure:28480: result: no
configure:28450: checking for objdump
configure:28466: found /usr/bin/objdump
configure:28477: result: objdump
configure:28765: Rewriting OBJDUMP to "/usr/bin/objdump"
configure:28782: checking for ANSI C header files
configure:28802: /usr/bin/x86_64-linux-gnu-g++-8 -c   conftest.cpp >&5
configure:28802: $? = 0
configure:28875: /usr/bin/x86_64-linux-gnu-g++-8 -o conftest    conftest.cpp  >&5
configure:28875: $? = 0
configure:28875: ./conftest
configure:28875: $? = 0
configure:28886: result: yes
configure:28899: checking for sys/types.h
configure:28899: /usr/bin/x86_64-linux-gnu-g++-8 -c   conftest.cpp >&5
configure:28899: $? = 0
configure:28899: result: yes
configure:28899: checking for sys/stat.h
configure:28899: /usr/bin/x86_64-linux-gnu-g++-8 -c   conftest.cpp >&5
configure:28899: $? = 0
configure:28899: result: yes
configure:28899: checking for stdlib.h
configure:28899: /usr/bin/x86_64-linux-gnu-g++-8 -c   conftest.cpp >&5
configure:28899: $? = 0
configure:28899: result: yes
configure:28899: checking for string.h
configure:28899: /usr/bin/x86_64-linux-gnu-g++-8 -c   conftest.cpp >&5
configure:28899: $? = 0
configure:28899: result: yes
configure:28899: checking for memory.h
configure:28899: /usr/bin/x86_64-linux-gnu-g++-8 -c   conftest.cpp >&5
configure:28899: $? = 0
configure:28899: result: yes
configure:28899: checking for strings.h
configure:28899: /usr/bin/x86_64-linux-gnu-g++-8 -c   conftest.cpp >&5
configure:28899: $? = 0
configure:28899: result: yes
configure:28899: checking for inttypes.h
configure:28899: /usr/bin/x86_64-linux-gnu-g++-8 -c   conftest.cpp >&5
configure:28899: $? = 0
configure:28899: result: yes
configure:28899: checking for stdint.h
configure:28899: /usr/bin/x86_64-linux-gnu-g++-8 -c   conftest.cpp >&5
configure:28899: $? = 0
configure:28899: result: yes
configure:28899: checking for unistd.h
configure:28899: /usr/bin/x86_64-linux-gnu-g++-8 -c   conftest.cpp >&5
configure:28899: $? = 0
configure:28899: result: yes
configure:28965: checking stdio.h usability
configure:28965: /usr/bin/x86_64-linux-gnu-g++-8 -c   conftest.cpp >&5
configure:28965: $? = 0
configure:28965: result: yes
configure:28965: checking stdio.h presence
configure:28965: /usr/bin/x86_64-linux-gnu-g++-8 -E  conftest.cpp
configure:28965: $? = 0
configure:28965: result: yes
configure:28965: checking for stdio.h
configure:28965: result: yes
configure:28993: checking size of int *
configure:28998: /usr/bin/x86_64-linux-gnu-g++-8 -o conftest    conftest.cpp  >&5
configure:28998: $? = 0
configure:28998: ./conftest
configure:28998: $? = 0
configure:29012: result: 8
configure:29105: checking for target address size
configure:29107: result: 64 bits
configure:29115: checking whether byte ordering is bigendian
configure:29130: /usr/bin/x86_64-linux-gnu-g++-8 -c   conftest.cpp >&5
conftest.cpp:22:9: error: expected unqualified-id before 'not' token
         not a universal capable compiler
         ^~~
configure:29130: $? = 1
configure: failed program was:
| /* confdefs.h */
| #define PACKAGE_NAME "OpenJDK"
| #define PACKAGE_TARNAME "openjdk"
| #define PACKAGE_VERSION "jdk8"
| #define PACKAGE_STRING "OpenJDK jdk8"
| #define PACKAGE_BUGREPORT "build-dev@openjdk.java.net"
| #define PACKAGE_URL "http://openjdk.java.net"
| #define STDC_HEADERS 1
| #define HAVE_SYS_TYPES_H 1
| #define HAVE_SYS_STAT_H 1
| #define HAVE_STDLIB_H 1
| #define HAVE_STRING_H 1
| #define HAVE_MEMORY_H 1
| #define HAVE_STRINGS_H 1
| #define HAVE_INTTYPES_H 1
| #define HAVE_STDINT_H 1
| #define HAVE_UNISTD_H 1
| #define HAVE_STDIO_H 1
| #define SIZEOF_INT_P 8
| /* end confdefs.h.  */
| #ifndef __APPLE_CC__
| 	       not a universal capable compiler
| 	     #endif
| 	     typedef int dummy;
| 
configure:29175: /usr/bin/x86_64-linux-gnu-g++-8 -c   conftest.cpp >&5
configure:29175: $? = 0
configure:29193: /usr/bin/x86_64-linux-gnu-g++-8 -c   conftest.cpp >&5
conftest.cpp: In function 'int main()':
conftest.cpp:28:8: error: 'big' was not declared in this scope
    not big endian
        ^~~
configure:29193: $? = 1
configure: failed program was:
| /* confdefs.h */
| #define PACKAGE_NAME "OpenJDK"
| #define PACKAGE_TARNAME "openjdk"
| #define PACKAGE_VERSION "jdk8"
| #define PACKAGE_STRING "OpenJDK jdk8"
| #define PACKAGE_BUGREPORT "build-dev@openjdk.java.net"
| #define PACKAGE_URL "http://openjdk.java.net"
| #define STDC_HEADERS 1
| #define HAVE_SYS_TYPES_H 1
| #define HAVE_SYS_STAT_H 1
| #define HAVE_STDLIB_H 1
| #define HAVE_STRING_H 1
| #define HAVE_MEMORY_H 1
| #define HAVE_STRINGS_H 1
| #define HAVE_INTTYPES_H 1
| #define HAVE_STDINT_H 1
| #define HAVE_UNISTD_H 1
| #define HAVE_STDIO_H 1
| #define SIZEOF_INT_P 8
| /* end confdefs.h.  */
| #include <sys/types.h>
| 		#include <sys/param.h>
| 
| int
| main ()
| {
| #if BYTE_ORDER != BIG_ENDIAN
| 		 not big endian
| 		#endif
| 
|   ;
|   return 0;
| }
configure:29321: result: no
configure:29739: checking if the C++ compiler supports "-std=gnu++98 "
configure:29755: /usr/bin/x86_64-linux-gnu-g++-8 -c  -std=gnu++98   conftest.cpp >&5
configure:29755: $? = 0
configure:29769: result: yes
configure:29815: checking if the C compiler supports "-fno-delete-null-pointer-checks -Werror"
configure:29832: /usr/bin/x86_64-linux-gnu-gcc-8 -c  -fno-delete-null-pointer-checks -Werror  conftest.c >&5
configure:29832: $? = 0
configure:29846: result: yes
configure:29855: checking if the C++ compiler supports "-fno-delete-null-pointer-checks -Werror"
configure:29871: /usr/bin/x86_64-linux-gnu-g++-8 -c  -fno-delete-null-pointer-checks -Werror  conftest.cpp >&5
configure:29871: $? = 0
configure:29885: result: yes
configure:29894: checking if both compilers support "-fno-delete-null-pointer-checks -Werror"
configure:29899: result: yes
configure:29911: checking if the C compiler supports "-fno-lifetime-dse -Werror"
configure:29927: /usr/bin/x86_64-linux-gnu-gcc-8 -c  -fno-lifetime-dse -Werror  conftest.c >&5
configure:29927: $? = 0
configure:29941: result: yes
configure:29950: checking if the C++ compiler supports "-fno-lifetime-dse -Werror"
configure:29966: /usr/bin/x86_64-linux-gnu-g++-8 -c  -fno-lifetime-dse -Werror  conftest.cpp >&5
configure:29966: $? = 0
configure:29980: result: yes
configure:29989: checking if both compilers support "-fno-lifetime-dse -Werror"
configure:29994: result: yes
configure:30244: checking if the C compiler supports "-m64"
configure:30260: /usr/bin/x86_64-linux-gnu-gcc-8 -c  -m64  conftest.c >&5
configure:30260: $? = 0
configure:30274: result: yes
configure:30283: checking if the C++ compiler supports "-m64"
configure:30299: /usr/bin/x86_64-linux-gnu-g++-8 -c  -m64  conftest.cpp >&5
configure:30299: $? = 0
configure:30313: result: yes
configure:30322: checking if both compilers support "-m64"
configure:30327: result: yes
configure:30341: checking if the C compiler supports "-m64"
configure:30357: /usr/bin/x86_64-linux-gnu-gcc-8 -c  -m64  conftest.c >&5
configure:30357: $? = 0
configure:30371: result: yes
configure:30380: checking if the C++ compiler supports "-m64"
configure:30396: /usr/bin/x86_64-linux-gnu-g++-8 -c  -m64  conftest.cpp >&5
configure:30396: $? = 0
configure:30410: result: yes
configure:30419: checking if both compilers support "-m64"
configure:30424: result: yes
configure:30438: checking for broken SuSE 'ld' which only understands anonymous version tags in executables
configure:30443: result: no
configure:30468: checking if we should generate debug symbols
configure:30493: result: true
configure:30499: checking if we should zip debug-info files
configure:30508: result: yes
configure:30596: checking what is not needed on Linux?
configure:30599: result: pulse
configure:30702: checking for X
configure:30810: /usr/bin/x86_64-linux-gnu-g++-8 -E  conftest.cpp
configure:30810: $? = 0
configure:30841: /usr/bin/x86_64-linux-gnu-g++-8 -o conftest    conftest.cpp -lX11  >&5
configure:30841: $? = 0
configure:30891: result: libraries , headers 
configure:30990: /usr/bin/x86_64-linux-gnu-g++-8 -o conftest    conftest.cpp   -lX11 >&5
configure:30990: $? = 0
configure:31088: checking for gethostbyname
configure:31088: /usr/bin/x86_64-linux-gnu-g++-8 -o conftest    conftest.cpp  >&5
configure:31088: $? = 0
configure:31088: result: yes
configure:31185: checking for connect
configure:31185: /usr/bin/x86_64-linux-gnu-g++-8 -o conftest    conftest.cpp  >&5
configure:31185: $? = 0
configure:31185: result: yes
configure:31234: checking for remove
configure:31234: /usr/bin/x86_64-linux-gnu-g++-8 -o conftest    conftest.cpp  >&5
configure:31234: $? = 0
configure:31234: result: yes
configure:31283: checking for shmat
configure:31283: /usr/bin/x86_64-linux-gnu-g++-8 -o conftest    conftest.cpp  >&5
configure:31283: $? = 0
configure:31283: result: yes
configure:31341: checking for IceConnectionNumber in -lICE
configure:31366: /usr/bin/x86_64-linux-gnu-g++-8 -o conftest    conftest.cpp -lICE   >&5
configure:31366: $? = 0
configure:31375: result: yes
configure:31456: checking for X11/extensions/shape.h
configure:31456: /usr/bin/x86_64-linux-gnu-gcc-8 -c    conftest.c >&5
configure:31456: $? = 0
configure:31456: result: yes
configure:31456: checking for X11/extensions/Xrender.h
configure:31456: /usr/bin/x86_64-linux-gnu-gcc-8 -c    conftest.c >&5
configure:31456: $? = 0
configure:31456: result: yes
configure:31456: checking for X11/extensions/XTest.h
configure:31456: /usr/bin/x86_64-linux-gnu-gcc-8 -c    conftest.c >&5
configure:31456: $? = 0
configure:31456: result: yes
configure:31456: checking for X11/Intrinsic.h
configure:31456: /usr/bin/x86_64-linux-gnu-gcc-8 -c    conftest.c >&5
configure:31456: $? = 0
configure:31456: result: yes
configure:31709: checking cups/cups.h usability
configure:31709: /usr/bin/x86_64-linux-gnu-g++-8 -c   conftest.cpp >&5
configure:31709: $? = 0
configure:31709: result: yes
configure:31709: checking cups/cups.h presence
configure:31709: /usr/bin/x86_64-linux-gnu-g++-8 -E  conftest.cpp
configure:31709: $? = 0
configure:31709: result: yes
configure:31709: checking for cups/cups.h
configure:31709: result: yes
configure:31709: checking cups/ppd.h usability
configure:31709: /usr/bin/x86_64-linux-gnu-g++-8 -c   conftest.cpp >&5
configure:31709: $? = 0
configure:31709: result: yes
configure:31709: checking cups/ppd.h presence
configure:31709: /usr/bin/x86_64-linux-gnu-g++-8 -E  conftest.cpp
configure:31709: $? = 0
configure:31709: result: yes
configure:31709: checking for cups/ppd.h
configure:31709: result: yes
configure:32335: checking for FREETYPE
configure:32342: $PKG_CONFIG --exists --print-errors "freetype2"
configure:32345: $? = 0
configure:32358: $PKG_CONFIG --exists --print-errors "freetype2"
configure:32361: $? = 0
configure:32396: result: yes
configure:32413: checking for freetype
configure:32415: result: yes (using pkg-config)
configure:34799: checking if we can compile and link with freetype
configure:34824:  /usr/bin/x86_64-linux-gnu-g++-8 -o conftest  -I/usr/include/freetype2 -I/usr/include/libpng16   conftest.cpp  -lfreetype >&5
configure:34824: $? = 0
configure:34826: result: yes
configure:34885: checking if we should bundle freetype
configure:34890: result: no
configure:35101: checking for ALSA
configure:35108: $PKG_CONFIG --exists --print-errors "alsa"
configure:35111: $? = 0
configure:35124: $PKG_CONFIG --exists --print-errors "alsa"
configure:35127: $? = 0
configure:35162: result: yes
configure:35234: checking for main in -ljpeg
configure:35253: /usr/bin/x86_64-linux-gnu-g++-8 -o conftest  -I/usr/include/freetype2 -I/usr/include/libpng16   conftest.cpp -ljpeg   >&5
configure:35253: $? = 0
configure:35262: result: yes
configure:35293: checking for which giflib to use
configure:35306: result: bundled
configure:35386: checking for compress in -lz
configure:35411: /usr/bin/x86_64-linux-gnu-g++-8 -o conftest  -I/usr/include/freetype2 -I/usr/include/libpng16   conftest.cpp -lz  -ljpeg  >&5
configure:35411: $? = 0
configure:35420: result: yes
configure:35429: checking for which zlib to use
configure:35456: result: bundled
configure:35495: /usr/bin/x86_64-linux-gnu-g++-8 -o conftest  -I/usr/include/freetype2 -I/usr/include/libpng16   conftest.cpp -ljpeg  >&5
conftest.cpp: In function 'int main()':
conftest.cpp:32:13: error: 'altzone' was not declared in this scope
 return (int)altzone;
             ^~~~~~~
conftest.cpp:32:13: note: suggested alternative: 'timezone'
 return (int)altzone;
             ^~~~~~~
             timezone
configure:35495: $? = 1
configure: failed program was:
| /* confdefs.h */
| #define PACKAGE_NAME "OpenJDK"
| #define PACKAGE_TARNAME "openjdk"
| #define PACKAGE_VERSION "jdk8"
| #define PACKAGE_STRING "OpenJDK jdk8"
| #define PACKAGE_BUGREPORT "build-dev@openjdk.java.net"
| #define PACKAGE_URL "http://openjdk.java.net"
| #define STDC_HEADERS 1
| #define HAVE_SYS_TYPES_H 1
| #define HAVE_SYS_STAT_H 1
| #define HAVE_STDLIB_H 1
| #define HAVE_STRING_H 1
| #define HAVE_MEMORY_H 1
| #define HAVE_STRINGS_H 1
| #define HAVE_INTTYPES_H 1
| #define HAVE_STDINT_H 1
| #define HAVE_UNISTD_H 1
| #define HAVE_STDIO_H 1
| #define SIZEOF_INT_P 8
| #define HAVE_X11_EXTENSIONS_SHAPE_H 1
| #define HAVE_X11_EXTENSIONS_XRENDER_H 1
| #define HAVE_X11_EXTENSIONS_XTEST_H 1
| #define HAVE_X11_INTRINSIC_H 1
| #define HAVE_CUPS_CUPS_H 1
| #define HAVE_CUPS_PPD_H 1
| #define HAVE_LIBJPEG 1
| /* end confdefs.h.  */
| #include <time.h>
| int
| main ()
| {
| return (int)altzone;
|   ;
|   return 0;
| }
configure:35513: checking for cos in -lm
configure:35538: /usr/bin/x86_64-linux-gnu-g++-8 -o conftest  -I/usr/include/freetype2 -I/usr/include/libpng16   conftest.cpp -lm  -ljpeg  >&5
conftest.cpp:35:6: warning: declaration of 'char cos()' conflicts with built-in declaration 'double cos(double)' [-Wbuiltin-declaration-mismatch]
 char cos ();
      ^~~
configure:35538: $? = 0
configure:35547: result: yes
configure:35572: checking for dlopen in -ldl
configure:35597: /usr/bin/x86_64-linux-gnu-g++-8 -o conftest  -I/usr/include/freetype2 -I/usr/include/libpng16   conftest.cpp -ldl   >&5
configure:35597: $? = 0
configure:35606: result: yes
configure:35644: checking if dynamic link of stdc++ is possible
configure:35665: /usr/bin/x86_64-linux-gnu-g++-8 -o conftest  -I/usr/include/freetype2 -I/usr/include/libpng16 -lstdc++   conftest.cpp -lm -ljpeg  >&5
configure:35665: $? = 0
configure:35679: result: yes
configure:35683: checking if static link of stdc++ is possible
configure:35707: /usr/bin/x86_64-linux-gnu-gcc-8 -o conftest  -I/usr/include/freetype2 -I/usr/include/libpng16   conftest.cpp -Wl,-Bstatic -lstdc++ -lgcc -Wl,-Bdynamic >&5
configure:35707: $? = 0
configure:35722: result: yes
configure:35737: checking how to link with libstdc++
configure:35751: result: static
configure:35963: checking if elliptic curve crypto implementation is present
configure:35968: result: yes
configure:35997: checking for number of cores
configure:36024: result: 1
configure:36049: checking for memory size
configure:36077: result: 985 MB
configure:36102: checking for appropriate number of jobs to run in parallel
configure:36123: result: 1
Check if jvm arg is ok: -verbosegc
Command: /usr/lib/jvm/java-8-openjdk-amd64/bin/java -verbosegc -version
Check if jvm arg is ok: -Xverbose:gc
Command: /usr/lib/jvm/java-8-openjdk-amd64/bin/java -Xverbose:gc -version
Arg failed:
Unrecognized option: -Xverbose:gc
Error: Could not create the Java Virtual Machine.
Error: A fatal exception has occurred. Program will exit.
Check if jvm arg is ok: -Xms256M -Xmx512M
Command: /usr/lib/jvm/java-8-openjdk-amd64/bin/java  -verbosegc -Xms256M -Xmx512M -version
configure:36328: checking whether to use sjavac
configure:36337: result: no
configure:36372: checking that precompiled headers work
configure:36381: result: yes
configure:36407: checking for ccache
configure:36425: found /usr/bin/ccache
configure:36437: result: /usr/bin/ccache
configure:36474: checking if ccache supports precompiled headers
configure:36478: result: no, disabling ccache
configure:36547: checking if build directory is on local disk
configure:36573: result: yes
configure:36720: creating /root/shenandoah-jdk8u/build/linux-x86_64-normal-server-release/config.status

## ---------------------- ##
## Running config.status. ##
## ---------------------- ##

This file was extended by OpenJDK config.status jdk8, which was
generated by GNU Autoconf 2.69.  Invocation command line was

  CONFIG_FILES    = 
  CONFIG_HEADERS  = 
  CONFIG_LINKS    = 
  CONFIG_COMMANDS = 
  $ /root/shenandoah-jdk8u/build/linux-x86_64-normal-server-release/config.status 

on localhost

config.status:1169: creating /root/shenandoah-jdk8u/build/linux-x86_64-normal-server-release/spec.gmk
config.status:1169: creating /root/shenandoah-jdk8u/build/linux-x86_64-normal-server-release/hotspot-spec.gmk
config.status:1169: creating /root/shenandoah-jdk8u/build/linux-x86_64-normal-server-release/bootcycle-spec.gmk
config.status:1169: creating /root/shenandoah-jdk8u/build/linux-x86_64-normal-server-release/compare.sh
config.status:1169: creating /root/shenandoah-jdk8u/build/linux-x86_64-normal-server-release/spec.sh
config.status:1169: creating /root/shenandoah-jdk8u/build/linux-x86_64-normal-server-release/Makefile
config.status:1169: creating /root/shenandoah-jdk8u/build/linux-x86_64-normal-server-release/config.h
config.status:1324: /root/shenandoah-jdk8u/build/linux-x86_64-normal-server-release/config.h is unchanged

## ---------------- ##
## Cache variables. ##
## ---------------- ##

ac_cv_build=x86_64-unknown-linux-gnu
ac_cv_c_bigendian=no
ac_cv_c_compiler_gnu=yes
ac_cv_cxx_compiler_gnu=yes
ac_cv_env_ALSA_CFLAGS_set=
ac_cv_env_ALSA_CFLAGS_value=
ac_cv_env_ALSA_LIBS_set=
ac_cv_env_ALSA_LIBS_value=
ac_cv_env_CCC_set=
ac_cv_env_CCC_value=
ac_cv_env_CC_set=
ac_cv_env_CC_value=
ac_cv_env_CFLAGS_set=
ac_cv_env_CFLAGS_value=
ac_cv_env_CPPFLAGS_set=
ac_cv_env_CPPFLAGS_value=
ac_cv_env_CPP_set=
ac_cv_env_CPP_value=
ac_cv_env_CXXCPP_set=
ac_cv_env_CXXCPP_value=
ac_cv_env_CXXFLAGS_set=
ac_cv_env_CXXFLAGS_value=
ac_cv_env_CXX_set=
ac_cv_env_CXX_value=
ac_cv_env_FREETYPE_CFLAGS_set=
ac_cv_env_FREETYPE_CFLAGS_value=
ac_cv_env_FREETYPE_LIBS_set=
ac_cv_env_FREETYPE_LIBS_value=
ac_cv_env_LDFLAGS_set=
ac_cv_env_LDFLAGS_value=
ac_cv_env_LIBFFI_CFLAGS_set=
ac_cv_env_LIBFFI_CFLAGS_value=
ac_cv_env_LIBFFI_LIBS_set=
ac_cv_env_LIBFFI_LIBS_value=
ac_cv_env_LIBS_set=
ac_cv_env_LIBS_value=
ac_cv_env_OBJCFLAGS_set=
ac_cv_env_OBJCFLAGS_value=
ac_cv_env_OBJC_set=
ac_cv_env_OBJC_value=
ac_cv_env_PKG_CONFIG_set=
ac_cv_env_PKG_CONFIG_value=
ac_cv_env_XMKMF_set=
ac_cv_env_XMKMF_value=
ac_cv_env_build_alias_set=
ac_cv_env_build_alias_value=
ac_cv_env_host_alias_set=
ac_cv_env_host_alias_value=
ac_cv_env_target_alias_set=
ac_cv_env_target_alias_value=
ac_cv_func_connect=yes
ac_cv_func_gethostbyname=yes
ac_cv_func_remove=yes
ac_cv_func_shmat=yes
ac_cv_have_x='have_x=yes	ac_x_includes='\'''\''	ac_x_libraries='\'''\'''
ac_cv_header_X11_Intrinsic_h=yes
ac_cv_header_X11_extensions_XTest_h=yes
ac_cv_header_X11_extensions_Xrender_h=yes
ac_cv_header_X11_extensions_shape_h=yes
ac_cv_header_cups_cups_h=yes
ac_cv_header_cups_ppd_h=yes
ac_cv_header_inttypes_h=yes
ac_cv_header_memory_h=yes
ac_cv_header_stdc=yes
ac_cv_header_stdint_h=yes
ac_cv_header_stdio_h=yes
ac_cv_header_stdlib_h=yes
ac_cv_header_string_h=yes
ac_cv_header_strings_h=yes
ac_cv_header_sys_stat_h=yes
ac_cv_header_sys_types_h=yes
ac_cv_header_unistd_h=yes
ac_cv_host=x86_64-unknown-linux-gnu
ac_cv_lib_ICE_IceConnectionNumber=yes
ac_cv_lib_dl_dlopen=yes
ac_cv_lib_jpeg_main=yes
ac_cv_lib_m_cos=yes
ac_cv_lib_z_compress=yes
ac_cv_objext=o
ac_cv_path_BASENAME=/usr/bin/basename
ac_cv_path_BASH=/bin/bash
ac_cv_path_CAT=/bin/cat
ac_cv_path_CCACHE=/usr/bin/ccache
ac_cv_path_CHECK_MAKE=/usr/bin/make
ac_cv_path_CHMOD=/bin/chmod
ac_cv_path_CMP=/usr/bin/cmp
ac_cv_path_COMM=/usr/bin/comm
ac_cv_path_CP=/bin/cp
ac_cv_path_CPIO=/bin/cpio
ac_cv_path_CUT=/usr/bin/cut
ac_cv_path_DATE=/bin/date
ac_cv_path_DF=/bin/df
ac_cv_path_DIFF=/usr/bin/diff
ac_cv_path_DIRNAME=/usr/bin/dirname
ac_cv_path_ECHO=/bin/echo
ac_cv_path_EGREP='/bin/grep -E'
ac_cv_path_EXPR=/usr/bin/expr
ac_cv_path_FGREP='/bin/grep -F'
ac_cv_path_FILE=/usr/bin/file
ac_cv_path_FIND=/usr/bin/find
ac_cv_path_GREP=/bin/grep
ac_cv_path_HEAD=/usr/bin/head
ac_cv_path_HG=/usr/bin/hg
ac_cv_path_JAVAC_CHECK=/usr/bin/javac
ac_cv_path_JAVA_CHECK=/usr/bin/java
ac_cv_path_LDD=/usr/bin/ldd
ac_cv_path_LN=/bin/ln
ac_cv_path_LS=/bin/ls
ac_cv_path_MKDIR=/bin/mkdir
ac_cv_path_MKTEMP=/bin/mktemp
ac_cv_path_MV=/bin/mv
ac_cv_path_NAWK=/usr/bin/nawk
ac_cv_path_POTENTIAL_CC=/usr/bin/gcc
ac_cv_path_POTENTIAL_CXX=/usr/bin/g++
ac_cv_path_PRINTF=/usr/bin/printf
ac_cv_path_READELF=/usr/bin/readelf
ac_cv_path_READLINK=/bin/readlink
ac_cv_path_RM=/bin/rm
ac_cv_path_SED=/bin/sed
ac_cv_path_SH=/bin/sh
ac_cv_path_SORT=/usr/bin/sort
ac_cv_path_STAT=/usr/bin/stat
ac_cv_path_TAIL=/usr/bin/tail
ac_cv_path_TAR=/bin/tar
ac_cv_path_TEE=/usr/bin/tee
ac_cv_path_TIME=/usr/bin/time
ac_cv_path_TOUCH=/usr/bin/touch
ac_cv_path_TR=/usr/bin/tr
ac_cv_path_UNAME=/bin/uname
ac_cv_path_UNIQ=/usr/bin/uniq
ac_cv_path_UNZIP=/usr/bin/unzip
ac_cv_path_WC=/usr/bin/wc
ac_cv_path_WHICH=/usr/bin/which
ac_cv_path_XARGS=/usr/bin/xargs
ac_cv_path_ZIP=/usr/bin/zip
ac_cv_path_ac_pt_PKG_CONFIG=/usr/bin/pkg-config
ac_cv_prog_AWK=gawk
ac_cv_prog_BDEPS_FTP=wget
ac_cv_prog_BDEPS_UNZIP=unzip
ac_cv_prog_CPP='/usr/bin/x86_64-linux-gnu-gcc-8 -E'
ac_cv_prog_CXXCPP='/usr/bin/x86_64-linux-gnu-g++-8 -E'
ac_cv_prog_PKGHANDLER=apt-get
ac_cv_prog_ac_ct_AR=ar
ac_cv_prog_ac_ct_NM=nm
ac_cv_prog_ac_ct_OBJCOPY=objcopy
ac_cv_prog_ac_ct_OBJDUMP=objdump
ac_cv_prog_ac_ct_STRIP=strip
ac_cv_prog_cc_c89=
ac_cv_prog_cc_g=yes
ac_cv_prog_cxx_g=yes
ac_cv_sizeof_int_p=8
ac_cv_target=x86_64-unknown-linux-gnu
pkg_cv_ALSA_CFLAGS=-I/usr/include/alsa
pkg_cv_ALSA_LIBS=-lasound
pkg_cv_FREETYPE_CFLAGS='-I/usr/include/freetype2 -I/usr/include/libpng16'
pkg_cv_FREETYPE_LIBS=-lfreetype

## ----------------- ##
## Output variables. ##
## ----------------- ##

ADD_SRC_ROOT=''
ALSA_CFLAGS='-I/usr/include/alsa'
ALSA_LIBS='-lasound'
AR='/usr/bin/ar'
ARFLAGS=''
AR_OUT_OPTION='rcs$(SPACE)'
AS='/usr/bin/x86_64-linux-gnu-gcc-8 -c'
AWK='gawk'
BASENAME='/usr/bin/basename'
BASH='/bin/bash'
BDEPS_FTP='wget'
BDEPS_UNZIP='unzip'
BOOT_JDK='/usr/lib/jvm/java-8-openjdk-amd64'
BOOT_JDK_BITS='64'
BOOT_JDK_SOURCETARGET='-source 7 -target 7'
BOOT_RTJAR='/usr/lib/jvm/java-8-openjdk-amd64/jre/lib/rt.jar'
BOOT_TOOLSJAR='/usr/lib/jvm/java-8-openjdk-amd64/lib/tools.jar'
BUILD_CC='/usr/bin/x86_64-linux-gnu-gcc-8'
BUILD_CXX='/usr/bin/x86_64-linux-gnu-g++-8'
BUILD_HEADLESS='BUILD_HEADLESS:=true'
BUILD_HOTSPOT='true'
BUILD_LD='/usr/bin/x86_64-linux-gnu-gcc-8'
BUILD_LOG='$(OUTPUT_ROOT)/build.log'
BUILD_LOG_PREVIOUS='$(OUTPUT_ROOT)/build.log.old'
BUILD_LOG_WRAPPER='$(BASH) $(SRC_ROOT)/common/bin/logger.sh $(BUILD_LOG)'
BUILD_OUTPUT='/root/shenandoah-jdk8u/build/linux-x86_64-normal-server-release'
BUILD_VARIANT_RELEASE=''
CACERTS_FILE='/root/shenandoah-jdk8u/jdk/src/share/lib/security/cacerts'
CAT='/bin/cat'
CC='/usr/bin/x86_64-linux-gnu-gcc-8'
CCACHE=''
CC_OUT_OPTION='-o$(SPACE)'
CC_VERSION='8.2.0'
CFLAGS=''
CFLAGS_DEBUG_SYMBOLS='-g'
CFLAGS_JDKEXE='  -W -Wall -Wno-unused -Wno-parentheses       -pipe       -D_GNU_SOURCE -D_REENTRANT -D_LARGEFILE64_SOURCE -fno-omit-frame-pointer -D_LP64=1 -D_LITTLE_ENDIAN -DLINUX -DNDEBUG -DARCH='\''"amd64"'\'' -Damd64 -DRELEASE='\''"$(RELEASE)"'\''       -I/root/shenandoah-jdk8u/build/linux-x86_64-normal-server-release/jdk/include       -I/root/shenandoah-jdk8u/build/linux-x86_64-normal-server-release/jdk/include/linux       -I/root/shenandoah-jdk8u/jdk/src/share/javavm/export       -I/root/shenandoah-jdk8u/jdk/src/solaris/javavm/export       -I/root/shenandoah-jdk8u/jdk/src/share/native/common       -I/root/shenandoah-jdk8u/jdk/src/solaris/native/common   -fno-strict-aliasing -fno-delete-null-pointer-checks -fno-lifetime-dse'
CFLAGS_JDKLIB='  -W -Wall -Wno-unused -Wno-parentheses       -pipe       -D_GNU_SOURCE -D_REENTRANT -D_LARGEFILE64_SOURCE -fno-omit-frame-pointer -D_LP64=1 -D_LITTLE_ENDIAN -DLINUX -DNDEBUG -DARCH='\''"amd64"'\'' -Damd64 -DRELEASE='\''"$(RELEASE)"'\''       -I/root/shenandoah-jdk8u/build/linux-x86_64-normal-server-release/jdk/include       -I/root/shenandoah-jdk8u/build/linux-x86_64-normal-server-release/jdk/include/linux       -I/root/shenandoah-jdk8u/jdk/src/share/javavm/export       -I/root/shenandoah-jdk8u/jdk/src/solaris/javavm/export       -I/root/shenandoah-jdk8u/jdk/src/share/native/common       -I/root/shenandoah-jdk8u/jdk/src/solaris/native/common   -fno-strict-aliasing -fno-delete-null-pointer-checks -fno-lifetime-dse -fPIC '
CHECK_GMAKE=''
CHECK_MAKE='/usr/bin/make'
CHECK_TOOLSDIR_GMAKE=''
CHECK_TOOLSDIR_MAKE=''
CHMOD='/bin/chmod'
CMP='/usr/bin/cmp'
CODESIGN=''
COMM='/usr/bin/comm'
COMPANY_NAME='N/A'
COMPILER_NAME='gcc'
COMPILER_SUPPORTS_TARGET_BITS_FLAG='true'
COMPILER_TARGET_BITS_FLAG='-m'
COMPILER_TYPE='CC'
COMPILE_TYPE='native'
COMPRESS_JARS='false'
CONFIGURE_COMMAND_LINE=''
CONF_NAME='linux-x86_64-normal-server-release'
COOKED_BUILD_NUMBER='0'
COOKED_JDK_UPDATE_VERSION='0'
COPYRIGHT_YEAR='2019'
CORBA_TOPDIR='/root/shenandoah-jdk8u/corba'
CP='/bin/cp'
CPIO='/bin/cpio'
CPP='/usr/bin/x86_64-linux-gnu-gcc-8 -E'
CPPFLAGS=''
CUPS_CFLAGS=''
CUSTOM_MAKE_DIR=''
CUT='/usr/bin/cut'
CXX='/usr/bin/x86_64-linux-gnu-g++-8'
CXXCPP='/usr/bin/x86_64-linux-gnu-g++-8 -E'
CXXFLAGS=' -I/usr/include/freetype2 -I/usr/include/libpng16'
CXXFLAGS_DEBUG_SYMBOLS='-g'
CXXFLAGS_JDKEXE='  -W -Wall -Wno-unused -Wno-parentheses       -pipe       -D_GNU_SOURCE -D_REENTRANT -D_LARGEFILE64_SOURCE -fno-omit-frame-pointer -D_LP64=1 -D_LITTLE_ENDIAN -DLINUX -DNDEBUG -DARCH='\''"amd64"'\'' -Damd64 -DRELEASE='\''"$(RELEASE)"'\''       -I/root/shenandoah-jdk8u/build/linux-x86_64-normal-server-release/jdk/include       -I/root/shenandoah-jdk8u/build/linux-x86_64-normal-server-release/jdk/include/linux       -I/root/shenandoah-jdk8u/jdk/src/share/javavm/export       -I/root/shenandoah-jdk8u/jdk/src/solaris/javavm/export       -I/root/shenandoah-jdk8u/jdk/src/share/native/common       -I/root/shenandoah-jdk8u/jdk/src/solaris/native/common   -std=gnu++98'
CXXFLAGS_JDKLIB='  -W -Wall -Wno-unused -Wno-parentheses       -pipe       -D_GNU_SOURCE -D_REENTRANT -D_LARGEFILE64_SOURCE -fno-omit-frame-pointer -D_LP64=1 -D_LITTLE_ENDIAN -DLINUX -DNDEBUG -DARCH='\''"amd64"'\'' -Damd64 -DRELEASE='\''"$(RELEASE)"'\''       -I/root/shenandoah-jdk8u/build/linux-x86_64-normal-server-release/jdk/include       -I/root/shenandoah-jdk8u/build/linux-x86_64-normal-server-release/jdk/include/linux       -I/root/shenandoah-jdk8u/jdk/src/share/javavm/export       -I/root/shenandoah-jdk8u/jdk/src/solaris/javavm/export       -I/root/shenandoah-jdk8u/jdk/src/share/native/common       -I/root/shenandoah-jdk8u/jdk/src/solaris/native/common   -std=gnu++98 -fPIC  '
CXXSTD_CXXFLAG='-std=gnu++98'
CXX_FLAG_DEPS='-MMD -MF'
CXX_FLAG_REORDER=''
CXX_O_FLAG_HI='-O3'
CXX_O_FLAG_HIGHEST='-O3'
CXX_O_FLAG_NONE='-O0'
CXX_O_FLAG_NORM='-O2'
CXX_VERSION='8.2.0'
CYGPATH=''
CYGWIN_LINK=''
C_FLAG_DEPS='-MMD -MF'
C_FLAG_REORDER=''
C_O_FLAG_HI='-O3'
C_O_FLAG_HIGHEST='-O3'
C_O_FLAG_NONE='-O0'
C_O_FLAG_NORM='-O2'
DATE='/bin/date'
DATE_WHEN_CONFIGURED='Thu Apr  4 09:19:52 UTC 2019'
DEBUG_CLASSFILES='false'
DEBUG_LEVEL='release'
DEFINE_CROSS_COMPILE_ARCH=''
DEFS='-DHAVE_CONFIG_H'
DF='/bin/df'
DIFF='/usr/bin/diff'
DIRNAME='/usr/bin/dirname'
DSYMUTIL=''
DUMPBIN=''
ECHO='/bin/echo'
ECHO_C=''
ECHO_N='-n'
ECHO_T=''
EGREP='/bin/grep -E'
ENABLE_DEBUG_SYMBOLS='true'
ENABLE_INTREE_EC='yes'
ENABLE_SJAVAC='no'
EXEEXT=''
EXE_OUT_OPTION='-o$(SPACE)'
EXE_SUFFIX=''
EXPR='/usr/bin/expr'
FASTDEBUG='false'
FGREP='/bin/grep -F'
FILE='/usr/bin/file'
FIND='/usr/bin/find'
FIND_DELETE='-delete'
FIXPATH=''
FREETYPE_BUNDLE_LIB_PATH=''
FREETYPE_CFLAGS='-I/usr/include/freetype2 -I/usr/include/libpng16'
FREETYPE_LIBS='-lfreetype'
GNM='/usr/bin/nm'
GREP='/bin/grep'
HEAD='/usr/bin/head'
HG='/usr/bin/hg'
HOTSPOT_CXX='/usr/bin/x86_64-linux-gnu-g++-8'
HOTSPOT_DIST='/root/shenandoah-jdk8u/build/linux-x86_64-normal-server-release/hotspot/dist'
HOTSPOT_LD='/usr/bin/x86_64-linux-gnu-gcc-8'
HOTSPOT_MAKE_ARGS='product  docs export_product'
HOTSPOT_MT=''
HOTSPOT_RC=''
HOTSPOT_TOPDIR='/root/shenandoah-jdk8u/hotspot'
INCLUDE_SA='true'
IS_GNU_TIME='yes'
JAVAC_CHECK='/usr/bin/javac'
JAVAC_FLAGS=''
JAVA_CHECK='/usr/bin/java'
JAVA_FLAGS=' '
JAVA_FLAGS_BIG=' -Xms64M -Xmx1600M -XX:ThreadStackSize=1536'
JAVA_FLAGS_SMALL=' -XX:+UseSerialGC -Xms32M -Xmx512M'
JAXP_TOPDIR='/root/shenandoah-jdk8u/jaxp'
JAXWS_TOPDIR='/root/shenandoah-jdk8u/jaxws'
JDK_BUILD_NUMBER='b00'
JDK_MAJOR_VERSION='1'
JDK_MICRO_VERSION='0'
JDK_MINOR_VERSION='8'
JDK_RC_PLATFORM_NAME='Platform'
JDK_TOPDIR='/root/shenandoah-jdk8u/jdk'
JDK_UPDATE_VERSION=''
JDK_VARIANT='normal'
JDK_VERSION='1.8.0'
JOBS='1'
JTREGEXE=''
JT_HOME=''
JVM_INTERPRETER='template'
JVM_VARIANTS=',server,'
JVM_VARIANT_CLIENT='false'
JVM_VARIANT_CORE='false'
JVM_VARIANT_KERNEL='false'
JVM_VARIANT_MINIMAL1='false'
JVM_VARIANT_SERVER='true'
JVM_VARIANT_ZERO='false'
JVM_VARIANT_ZEROSHARK='false'
LANGTOOLS_TOPDIR='/root/shenandoah-jdk8u/langtools'
LAUNCHER_NAME='openjdk'
LD='/usr/bin/x86_64-linux-gnu-gcc-8'
LDCXX='/usr/bin/x86_64-linux-gnu-gcc-8'
LDD='/usr/bin/ldd'
LDEXE='/usr/bin/x86_64-linux-gnu-gcc-8'
LDEXECXX='/usr/bin/x86_64-linux-gnu-g++-8'
LDFLAGS=''
LDFLAGS_CXX_JDK=''
LDFLAGS_JDKEXE='  -Xlinker --hash-style=both  -Xlinker -z -Xlinker defs -Xlinker -z -Xlinker noexecstack -Xlinker -O1 -Xlinker --allow-shlib-undefined'
LDFLAGS_JDKEXE_SUFFIX=''
LDFLAGS_JDKLIB='  -Xlinker --hash-style=both  -Xlinker -z -Xlinker defs -Xlinker -z -Xlinker noexecstack -Xlinker -O1 -shared         -L/root/shenandoah-jdk8u/build/linux-x86_64-normal-server-release/jdk/lib/amd64 -L/root/shenandoah-jdk8u/build/linux-x86_64-normal-server-release/jdk/lib/amd64/server'
LDFLAGS_JDKLIB_SUFFIX='-ljava -ljvm'
LD_OUT_OPTION='-o$(SPACE)'
LEGACY_EXTRA_CFLAGS=''
LEGACY_EXTRA_CXXFLAGS=''
LEGACY_EXTRA_LDFLAGS=''
LIBCXX=' -Wl,-Bstatic -lstdc++ -lgcc -Wl,-Bdynamic'
LIBDL='-ldl '
LIBFFI_CFLAGS=''
LIBFFI_LIBS=''
LIBM=''
LIBOBJS=''
LIBRARY_PREFIX='lib'
LIBS='-lm -ljpeg '
LIBZIP_CAN_USE_MMAP='true'
LLVM_CFLAGS=''
LLVM_CONFIG=''
LLVM_LDFLAGS=''
LLVM_LIBS=''
LN='/bin/ln'
LP64='LP64:='
LS='/bin/ls'
LTLIBOBJS=''
MACOSX_BUNDLE_ID_BASE='net.java.openjdk'
MACOSX_BUNDLE_NAME_BASE='OpenJDK'
MACOSX_UNIVERSAL=''
MACOSX_VERSION_MIN=''
MAKE='/usr/bin/make'
MCS=''
MEMORY_SIZE='985'
MILESTONE='internal'
MKDIR='/bin/mkdir'
MKTEMP='/bin/mktemp'
MSVCR_DLL=''
MT=''
MV='/bin/mv'
NASHORN_TOPDIR='/root/shenandoah-jdk8u/nashorn'
NAWK='/usr/bin/nawk'
NM='/usr/bin/nm'
NO_DELETE_NULL_POINTER_CHECKS_CFLAG='-fno-delete-null-pointer-checks'
NO_LIFETIME_DSE_CFLAG='-fno-lifetime-dse'
NUM_CORES='1'
OBJC=''
OBJCFLAGS=''
OBJCOPY='/usr/bin/objcopy'
OBJDUMP='/usr/bin/objdump'
OBJEXT='o'
OBJ_SUFFIX='.o'
OPENJDK_BUILD_AUTOCONF_NAME='x86_64-unknown-linux-gnu'
OPENJDK_BUILD_CPU='x86_64'
OPENJDK_BUILD_CPU_ARCH='x86'
OPENJDK_BUILD_CPU_BITS='64'
OPENJDK_BUILD_CPU_ENDIAN='little'
OPENJDK_BUILD_OS='linux'
OPENJDK_BUILD_OS_API='posix'
OPENJDK_TARGET_AUTOCONF_NAME='x86_64-unknown-linux-gnu'
OPENJDK_TARGET_CPU='x86_64'
OPENJDK_TARGET_CPU_ARCH='x86'
OPENJDK_TARGET_CPU_BITS='64'
OPENJDK_TARGET_CPU_ENDIAN='little'
OPENJDK_TARGET_CPU_ISADIR=''
OPENJDK_TARGET_CPU_JLI_CFLAGS='-DLIBARCHNAME='\''"amd64"'\'''
OPENJDK_TARGET_CPU_LEGACY='amd64'
OPENJDK_TARGET_CPU_LEGACY_LIB='amd64'
OPENJDK_TARGET_CPU_LIBDIR='/amd64'
OPENJDK_TARGET_CPU_OSARCH='amd64'
OPENJDK_TARGET_OS='linux'
OPENJDK_TARGET_OS_API='posix'
OPENJDK_TARGET_OS_API_DIR='solaris'
OPENJDK_TARGET_OS_EXPORT_DIR='solaris'
OPENWIN_HOME=''
OS_VERSION_MAJOR='4'
OS_VERSION_MICRO='0'
OS_VERSION_MINOR='18'
OTOOL='true'
OUTPUT_ROOT='/root/shenandoah-jdk8u/build/linux-x86_64-normal-server-release'
OVERRIDE_SRC_ROOT=''
PACKAGE_BUGREPORT='build-dev@openjdk.java.net'
PACKAGE_NAME='OpenJDK'
PACKAGE_PATH='/opt/local'
PACKAGE_STRING='OpenJDK jdk8'
PACKAGE_TARNAME='openjdk'
PACKAGE_URL='http://openjdk.java.net'
PACKAGE_VERSION='jdk8'
PATH_SEP=':'
PATH_SEPARATOR=':'
PKGHANDLER='apt-get'
PKG_CONFIG='/usr/bin/pkg-config'
POST_MCS_CMD=''
POST_STRIP_CMD='/usr/bin/strip -g'
POTENTIAL_CC='/usr/bin/gcc'
POTENTIAL_CXX='/usr/bin/g++'
PRINTF='/usr/bin/printf'
PRODUCT_NAME='OpenJDK'
PRODUCT_SUFFIX='Runtime Environment'
PROPER_COMPILER_CC=''
PROPER_COMPILER_CXX=''
RC=''
RC_FLAGS=''
READELF='/usr/bin/readelf'
READLINK='/bin/readlink'
REQUIRED_OS_NAME='Linux'
REQUIRED_OS_VERSION='2.6'
RM='/bin/rm -f'
SALIB_NAME='libsaproc.so'
SDKPATH=''
SED='/bin/sed'
SETFILE=''
SET_DEVELOPER_DIR=''
SET_EXECUTABLE_ORIGIN='-Xlinker -rpath -Xlinker \$$$$ORIGIN$1'
SET_OPENJDK='OPENJDK=true'
SET_SHARED_LIBRARY_MAPFILE='-Xlinker -version-script=$1'
SET_SHARED_LIBRARY_NAME='-Xlinker -soname=$1'
SET_SHARED_LIBRARY_ORIGIN='-Xlinker -z -Xlinker origin -Xlinker -rpath -Xlinker \$$$$ORIGIN$1'
SH='/bin/sh'
SHARED_LIBRARY='lib$1.so'
SHARED_LIBRARY_FLAGS='-shared'
SHARED_LIBRARY_SUFFIX='.so'
SHELL='/bin/bash'
SJAVAC_SERVER_DIR=''
SJAVAC_SERVER_JAVA='/usr/lib/jvm/java-8-openjdk-amd64/bin/java  -verbosegc -Xms256M -Xmx512M'
SORT='/usr/bin/sort'
SPEC='/root/shenandoah-jdk8u/build/linux-x86_64-normal-server-release/spec.gmk'
SRC_ROOT='/root/shenandoah-jdk8u'
STAT='/usr/bin/stat'
STATIC_CXX_SETTING='STATIC_CXX=true'
STATIC_LIBRARY='lib$1.a'
STATIC_LIBRARY_SUFFIX='.a'
STRIP='/usr/bin/strip'
SUPPORT_HEADFUL='yes'
SUPPORT_HEADLESS='yes'
SYS_ROOT='/'
TAIL='/usr/bin/tail'
TAR='/bin/tar'
TEE='/usr/bin/tee'
TEST_IN_BUILD='false'
TIME='/usr/bin/time'
TOOLS_DIR_CC=''
TOOLS_DIR_CXX=''
TOUCH='/usr/bin/touch'
TR='/usr/bin/tr'
UNAME='/bin/uname'
UNIQ='/usr/bin/uniq'
UNLIMITED_CRYPTO='false'
UNZIP='/usr/bin/unzip'
USER_RELEASE_SUFFIX='root_2019_04_04_09_19'
USE_EXTERNAL_LIBGIF='false'
USE_EXTERNAL_LIBJPEG='true'
USE_EXTERNAL_LIBZ='false'
USE_PRECOMPILED_HEADER='1'
USING_BROKEN_SUSE_LD='no'
VARIANT='OPT'
VS_INCLUDE=''
VS_LIB=''
VS_PATH=''
WC='/usr/bin/wc'
WHICH='/usr/bin/which'
WINAR=''
WINLD=''
XARGS='/usr/bin/xargs'
XATTR=''
XCODEBUILD=''
XMKMF=''
X_CFLAGS=''
X_EXTRA_LIBS=''
X_LIBS=''
X_PRE_LIBS=' -lSM -lICE'
ZERO_ARCHDEF='AMD64'
ZERO_ARCHFLAG='-m64'
ZIP='/usr/bin/zip'
ZIP_DEBUGINFO_FILES='true'
ac_ct_CC=''
ac_ct_CXX=''
ac_ct_OBJC=''
ac_ct_OBJCOPY='objcopy'
ac_ct_OBJDUMP='objdump'
ac_ct_PROPER_COMPILER_CC=''
ac_ct_PROPER_COMPILER_CXX=''
bindir='${exec_prefix}/bin'
build='x86_64-unknown-linux-gnu'
build_alias=''
build_cpu='x86_64'
build_os='linux-gnu'
build_vendor='unknown'
datadir='${datarootdir}'
datarootdir='${prefix}/share'
docdir='${datarootdir}/doc/${PACKAGE_TARNAME}'
dvidir='${docdir}'
exec_prefix='${prefix}'
host='x86_64-unknown-linux-gnu'
host_alias=''
host_cpu='x86_64'
host_os='linux-gnu'
host_vendor='unknown'
htmldir='${docdir}'
includedir='${prefix}/include'
infodir='${datarootdir}/info'
libdir='${exec_prefix}/lib'
libexecdir='${exec_prefix}/libexec'
localedir='${datarootdir}/locale'
localstatedir='${prefix}/var'
mandir='${datarootdir}/man'
oldincludedir='/usr/include'
pdfdir='${docdir}'
prefix='/usr/local'
program_transform_name='s,x,x,'
psdir='${docdir}'
sbindir='${exec_prefix}/sbin'
sharedstatedir='${prefix}/com'
sysconfdir='${prefix}/etc'
target='x86_64-unknown-linux-gnu'
target_alias=''
target_cpu='x86_64'
target_os='linux-gnu'
target_vendor='unknown'

## ----------- ##
## confdefs.h. ##
## ----------- ##

/* confdefs.h */
#define PACKAGE_NAME "OpenJDK"
#define PACKAGE_TARNAME "openjdk"
#define PACKAGE_VERSION "jdk8"
#define PACKAGE_STRING "OpenJDK jdk8"
#define PACKAGE_BUGREPORT "build-dev@openjdk.java.net"
#define PACKAGE_URL "http://openjdk.java.net"
#define STDC_HEADERS 1
#define HAVE_SYS_TYPES_H 1
#define HAVE_SYS_STAT_H 1
#define HAVE_STDLIB_H 1
#define HAVE_STRING_H 1
#define HAVE_MEMORY_H 1
#define HAVE_STRINGS_H 1
#define HAVE_INTTYPES_H 1
#define HAVE_STDINT_H 1
#define HAVE_UNISTD_H 1
#define HAVE_STDIO_H 1
#define SIZEOF_INT_P 8
#define HAVE_X11_EXTENSIONS_SHAPE_H 1
#define HAVE_X11_EXTENSIONS_XRENDER_H 1
#define HAVE_X11_EXTENSIONS_XTEST_H 1
#define HAVE_X11_INTRINSIC_H 1
#define HAVE_CUPS_CUPS_H 1
#define HAVE_CUPS_PPD_H 1
#define HAVE_LIBJPEG 1
#define HAVE_LIBM 1
#define HAVE_LIBDL 1

configure: exit 0
